{
  "stats": {
    "suites": 3,
    "tests": 13,
    "passes": 13,
    "pending": 0,
    "failures": 0,
    "start": "2021-05-17T23:35:15.721Z",
    "end": "2021-05-17T23:36:47.555Z",
    "duration": 91834,
    "testsRegistered": 13,
    "passPercent": 100,
    "pendingPercent": 0,
    "other": 0,
    "hasOther": false,
    "skipped": 0,
    "hasSkipped": false
  },
  "results": [
    {
      "uuid": "05337aa1-b530-424a-b881-1b44f9708b4d",
      "title": "",
      "fullFile": "cypress/integration/aregister_test.js",
      "file": "cypress/integration/aregister_test.js",
      "beforeHooks": [],
      "afterHooks": [],
      "tests": [],
      "suites": [
        {
          "uuid": "55be5f77-8bd9-4b42-91a0-d468528189d4",
          "title": "Home Page to Register Page",
          "fullFile": "",
          "file": "",
          "beforeHooks": [],
          "afterHooks": [],
          "tests": [
            {
              "title": "test",
              "fullTitle": "Home Page to Register Page test",
              "timedOut": null,
              "duration": 15696,
              "state": "passed",
              "speed": "slow",
              "pass": true,
              "fail": false,
              "pending": false,
              "context": null,
              "code": "cy.visit('/');\ncy.get('.ant-menu > :nth-child(8)').click(); // 判断页面跳转到 http://127.0.0.1:3000/register\ncy.url().should('include', '/register'); // and '欢迎您：user1' in page\ncy.get('body').should('contain', 'Already'); //输出为空，网站不存在cookie\ncy.getCookies().each(cookie => {\n  cy.log(cookie.name, cookie.value);\n}); // 直接截图整个页面\ncy.screenshot();",
              "err": {},
              "uuid": "44062ec5-0d0a-41c1-a745-653b1ba7e349",
              "parentUUID": "55be5f77-8bd9-4b42-91a0-d468528189d4",
              "isHook": false,
              "skipped": false
            }
          ],
          "suites": [],
          "passes": [
            "44062ec5-0d0a-41c1-a745-653b1ba7e349"
          ],
          "failures": [],
          "pending": [],
          "skipped": [],
          "duration": 15696,
          "root": false,
          "rootEmpty": false,
          "_timeout": 2000
        },
        {
          "uuid": "136a488d-0108-4947-a502-ad87159e189c",
          "title": "Register Staff Page",
          "fullFile": "",
          "file": "",
          "beforeHooks": [],
          "afterHooks": [],
          "tests": [
            {
              "title": "Register as staff successfully",
              "fullTitle": "Register Staff Page Register as staff successfully",
              "timedOut": null,
              "duration": 5627,
              "state": "passed",
              "speed": "slow",
              "pass": true,
              "fail": false,
              "pending": false,
              "context": null,
              "code": "// 输入用户名\ncy.get('#username').type(staff.username).should('have.value', staff.username); // 输入密码\ncy.get('#password').type(staff.password).should('have.value', staff.password);\nif (staff.username == 'test6') {\n  cy.get('body').should('contain', 'one number');\n}\ncy.get('#phone').type(staff.phone).should('have.value', staff.phone);\ncy.get('#first_name').type(staff.firstName).should('have.value', staff.firstName);\ncy.get('#last_name').type(staff.lastName).should('have.value', staff.lastName);\ncy.get('#confirm_password').type(staff.confirmPSW).should('have.value', staff.confirmPSW);\ncy.get('#agreement').check();\ncy.get('#email').type(staff.email).should('have.value', staff.email);\nif (staff.username == 'test7') {\n  cy.get('body').should('contain', 'valid');\n} // 提交表单\n\ncy.get('.ant-form').submit(); // 判断页面跳转到 http://127.0.0.1:3000/\ncy.url().should('include', '/'); // and '欢迎您：ruby' in page\ncy.log(staff.username);\nif (staff.username == 'ruby') {\n  cy.get('body').should('contain', 'Username');\n} else if (staff.username == 'test5') {\n  cy.get('body').should('contain', 'Packages');\n} else if (staff.username == 'test8') {\n  cy.get('body').should('contain', 'Email');\n} //输出为空，网站不存在cookie\n\ncy.getCookies().each(cookie => {\n  cy.log(cookie.name, cookie.value);\n}); // 直接截图整个页面\ncy.screenshot();",
              "err": {},
              "uuid": "ffc66d91-7910-4cd1-ba58-6c4d24d30380",
              "parentUUID": "136a488d-0108-4947-a502-ad87159e189c",
              "isHook": false,
              "skipped": false
            },
            {
              "title": "Register failed for the wrong format password",
              "fullTitle": "Register Staff Page Register failed for the wrong format password",
              "timedOut": null,
              "duration": 4206,
              "state": "passed",
              "speed": "slow",
              "pass": true,
              "fail": false,
              "pending": false,
              "context": null,
              "code": "// 输入用户名\ncy.get('#username').type(staff.username).should('have.value', staff.username); // 输入密码\ncy.get('#password').type(staff.password).should('have.value', staff.password);\nif (staff.username == 'test6') {\n  cy.get('body').should('contain', 'one number');\n}\ncy.get('#phone').type(staff.phone).should('have.value', staff.phone);\ncy.get('#first_name').type(staff.firstName).should('have.value', staff.firstName);\ncy.get('#last_name').type(staff.lastName).should('have.value', staff.lastName);\ncy.get('#confirm_password').type(staff.confirmPSW).should('have.value', staff.confirmPSW);\ncy.get('#agreement').check();\ncy.get('#email').type(staff.email).should('have.value', staff.email);\nif (staff.username == 'test7') {\n  cy.get('body').should('contain', 'valid');\n} // 提交表单\n\ncy.get('.ant-form').submit(); // 判断页面跳转到 http://127.0.0.1:3000/\ncy.url().should('include', '/'); // and '欢迎您：ruby' in page\ncy.log(staff.username);\nif (staff.username == 'ruby') {\n  cy.get('body').should('contain', 'Username');\n} else if (staff.username == 'test5') {\n  cy.get('body').should('contain', 'Packages');\n} else if (staff.username == 'test8') {\n  cy.get('body').should('contain', 'Email');\n} //输出为空，网站不存在cookie\n\ncy.getCookies().each(cookie => {\n  cy.log(cookie.name, cookie.value);\n}); // 直接截图整个页面\ncy.screenshot();",
              "err": {},
              "uuid": "a446112b-099c-4290-bd5b-a19e5dd32010",
              "parentUUID": "136a488d-0108-4947-a502-ad87159e189c",
              "isHook": false,
              "skipped": false
            },
            {
              "title": "Register failed for the wrong format email",
              "fullTitle": "Register Staff Page Register failed for the wrong format email",
              "timedOut": null,
              "duration": 3794,
              "state": "passed",
              "speed": "slow",
              "pass": true,
              "fail": false,
              "pending": false,
              "context": null,
              "code": "// 输入用户名\ncy.get('#username').type(staff.username).should('have.value', staff.username); // 输入密码\ncy.get('#password').type(staff.password).should('have.value', staff.password);\nif (staff.username == 'test6') {\n  cy.get('body').should('contain', 'one number');\n}\ncy.get('#phone').type(staff.phone).should('have.value', staff.phone);\ncy.get('#first_name').type(staff.firstName).should('have.value', staff.firstName);\ncy.get('#last_name').type(staff.lastName).should('have.value', staff.lastName);\ncy.get('#confirm_password').type(staff.confirmPSW).should('have.value', staff.confirmPSW);\ncy.get('#agreement').check();\ncy.get('#email').type(staff.email).should('have.value', staff.email);\nif (staff.username == 'test7') {\n  cy.get('body').should('contain', 'valid');\n} // 提交表单\n\ncy.get('.ant-form').submit(); // 判断页面跳转到 http://127.0.0.1:3000/\ncy.url().should('include', '/'); // and '欢迎您：ruby' in page\ncy.log(staff.username);\nif (staff.username == 'ruby') {\n  cy.get('body').should('contain', 'Username');\n} else if (staff.username == 'test5') {\n  cy.get('body').should('contain', 'Packages');\n} else if (staff.username == 'test8') {\n  cy.get('body').should('contain', 'Email');\n} //输出为空，网站不存在cookie\n\ncy.getCookies().each(cookie => {\n  cy.log(cookie.name, cookie.value);\n}); // 直接截图整个页面\ncy.screenshot();",
              "err": {},
              "uuid": "07d4544b-eeeb-47a7-be52-d88d59e09e0f",
              "parentUUID": "136a488d-0108-4947-a502-ad87159e189c",
              "isHook": false,
              "skipped": false
            },
            {
              "title": "Register failed for the existed email",
              "fullTitle": "Register Staff Page Register failed for the existed email",
              "timedOut": null,
              "duration": 3975,
              "state": "passed",
              "speed": "slow",
              "pass": true,
              "fail": false,
              "pending": false,
              "context": null,
              "code": "// 输入用户名\ncy.get('#username').type(staff.username).should('have.value', staff.username); // 输入密码\ncy.get('#password').type(staff.password).should('have.value', staff.password);\nif (staff.username == 'test6') {\n  cy.get('body').should('contain', 'one number');\n}\ncy.get('#phone').type(staff.phone).should('have.value', staff.phone);\ncy.get('#first_name').type(staff.firstName).should('have.value', staff.firstName);\ncy.get('#last_name').type(staff.lastName).should('have.value', staff.lastName);\ncy.get('#confirm_password').type(staff.confirmPSW).should('have.value', staff.confirmPSW);\ncy.get('#agreement').check();\ncy.get('#email').type(staff.email).should('have.value', staff.email);\nif (staff.username == 'test7') {\n  cy.get('body').should('contain', 'valid');\n} // 提交表单\n\ncy.get('.ant-form').submit(); // 判断页面跳转到 http://127.0.0.1:3000/\ncy.url().should('include', '/'); // and '欢迎您：ruby' in page\ncy.log(staff.username);\nif (staff.username == 'ruby') {\n  cy.get('body').should('contain', 'Username');\n} else if (staff.username == 'test5') {\n  cy.get('body').should('contain', 'Packages');\n} else if (staff.username == 'test8') {\n  cy.get('body').should('contain', 'Email');\n} //输出为空，网站不存在cookie\n\ncy.getCookies().each(cookie => {\n  cy.log(cookie.name, cookie.value);\n}); // 直接截图整个页面\ncy.screenshot();",
              "err": {},
              "uuid": "a0f18783-8427-42d1-8bfc-6c3670f8fa81",
              "parentUUID": "136a488d-0108-4947-a502-ad87159e189c",
              "isHook": false,
              "skipped": false
            },
            {
              "title": "Register failed for the existed username",
              "fullTitle": "Register Staff Page Register failed for the existed username",
              "timedOut": null,
              "duration": 4005,
              "state": "passed",
              "speed": "slow",
              "pass": true,
              "fail": false,
              "pending": false,
              "context": null,
              "code": "// 输入用户名\ncy.get('#username').type(staff.username).should('have.value', staff.username); // 输入密码\ncy.get('#password').type(staff.password).should('have.value', staff.password);\nif (staff.username == 'test6') {\n  cy.get('body').should('contain', 'one number');\n}\ncy.get('#phone').type(staff.phone).should('have.value', staff.phone);\ncy.get('#first_name').type(staff.firstName).should('have.value', staff.firstName);\ncy.get('#last_name').type(staff.lastName).should('have.value', staff.lastName);\ncy.get('#confirm_password').type(staff.confirmPSW).should('have.value', staff.confirmPSW);\ncy.get('#agreement').check();\ncy.get('#email').type(staff.email).should('have.value', staff.email);\nif (staff.username == 'test7') {\n  cy.get('body').should('contain', 'valid');\n} // 提交表单\n\ncy.get('.ant-form').submit(); // 判断页面跳转到 http://127.0.0.1:3000/\ncy.url().should('include', '/'); // and '欢迎您：ruby' in page\ncy.log(staff.username);\nif (staff.username == 'ruby') {\n  cy.get('body').should('contain', 'Username');\n} else if (staff.username == 'test5') {\n  cy.get('body').should('contain', 'Packages');\n} else if (staff.username == 'test8') {\n  cy.get('body').should('contain', 'Email');\n} //输出为空，网站不存在cookie\n\ncy.getCookies().each(cookie => {\n  cy.log(cookie.name, cookie.value);\n}); // 直接截图整个页面\ncy.screenshot();",
              "err": {},
              "uuid": "64277228-bee6-444e-b14b-b0ab5f7190b2",
              "parentUUID": "136a488d-0108-4947-a502-ad87159e189c",
              "isHook": false,
              "skipped": false
            }
          ],
          "suites": [],
          "passes": [
            "ffc66d91-7910-4cd1-ba58-6c4d24d30380",
            "a446112b-099c-4290-bd5b-a19e5dd32010",
            "07d4544b-eeeb-47a7-be52-d88d59e09e0f",
            "a0f18783-8427-42d1-8bfc-6c3670f8fa81",
            "64277228-bee6-444e-b14b-b0ab5f7190b2"
          ],
          "failures": [],
          "pending": [],
          "skipped": [],
          "duration": 21607,
          "root": false,
          "rootEmpty": false,
          "_timeout": 2000
        },
        {
          "uuid": "bb121a8f-f72a-449c-8cd2-738833bbfce6",
          "title": "Register customer Page",
          "fullFile": "",
          "file": "",
          "beforeHooks": [],
          "afterHooks": [],
          "tests": [
            {
              "title": "Register as customer successfully",
              "fullTitle": "Register customer Page Register as customer successfully",
              "timedOut": null,
              "duration": 7869,
              "state": "passed",
              "speed": "slow",
              "pass": true,
              "fail": false,
              "pending": false,
              "context": null,
              "code": "// 输入用户名\ncy.get('#username.ant-input').type(user.username).should('have.value', user.username); // 输入密码\ncy.get('#password.ant-input').type(user.password).should('have.value', user.password);\nif (user.username == 'test1') {\n  cy.get('body').should('contain', 'one number');\n}\ncy.get('#phone.ant-input').type(user.phone).should('have.value', user.phone);\ncy.get('#first_name.ant-input').type(user.firstName).should('have.value', user.firstName);\ncy.get('#last_name.ant-input').type(user.lastName).should('have.value', user.lastName);\ncy.get(\".ant-picker-input\").click().type('1996-06-05').click();\ncy.get(\"[title='1996-06-05']>.ant-picker-cell-inner\").click(); //.should('have.value', user.birthday)\ncy.get(':nth-child(5) > :nth-child(2) > .ant-row > .ant-col > .ant-form-item-control-input > ' + '.ant-form-item-control-input-content > .ant-select > .ant-select-selector').click().type(user.gender).click();\ncy.get(\"[title=\\\"Female\\\"] > .ant-select-item-option-content\").click({\n  force: true\n}).should('contain', user.gender);\ncy.get('#address_line').type(user.addressLine).should('have.value', user.addressLine);\ncy.get(':nth-child(1) > .ant-row > .ant-col > .ant-form-item-control-input > .ant-form-item-control-input-content > ' + '.ant-select > .ant-select-selector').click().type(user.state).click();\ncy.get(\"[title=\\\"VIC\\\"] > .ant-select-item-option-content\").click({\n  force: true\n}).should('contain', user.state);\ncy.get(':nth-child(7) > :nth-child(2) > .ant-row > .ant-col > .ant-form-item-control-input > .ant-form-item-control-input-content > ' + '.ant-select > .ant-select-selector').click().type(user.city).click();\ncy.get(\"[title=\\\"Melbourne\\\"] > .ant-select-item-option-content\").click({\n  force: true\n}).should('contain', user.city);\ncy.get('#postcode').type(user.postcode).should('have.value', user.postcode);\ncy.get('#confirm_password').type(user.confirmPSW).should('have.value', user.confirmPSW);\nif (user.username == 'test2') {\n  cy.get('body').should('contain', 'not match');\n}\ncy.get('#email').type(user.email).should('have.value', user.email);\nif (user.username == 'test3') {\n  cy.get('body').should('contain', 'valid');\n}\ncy.get('#agreement').check(); // 提交表单\ncy.get('.ant-form').submit(); // 判断页面跳转到 http://127.0.0.1:3000/\ncy.url().should('include', '/'); // and '欢迎您：ruby' in page\ncy.log(user.username);\nif (user.username == 'user1') {\n  cy.get('body').should('contain', 'Username');\n} else if (user.username == 'test0' || user.username == 'test9') {\n  cy.get('body').should('contain', 'Packages');\n} else if (user.username == 'test4') {\n  cy.get('body').should('contain', 'Email');\n} //输出为空，网站不存在cookie\n\ncy.getCookies().each(cookie => {\n  cy.log(cookie.name, cookie.value);\n}); // 直接截图整个页面\ncy.screenshot();",
              "err": {},
              "uuid": "e8620898-a2ff-4374-b8b7-9a3008cd359d",
              "parentUUID": "bb121a8f-f72a-449c-8cd2-738833bbfce6",
              "isHook": false,
              "skipped": false
            },
            {
              "title": "Register as customer successfully",
              "fullTitle": "Register customer Page Register as customer successfully",
              "timedOut": null,
              "duration": 8128,
              "state": "passed",
              "speed": "slow",
              "pass": true,
              "fail": false,
              "pending": false,
              "context": null,
              "code": "// 输入用户名\ncy.get('#username.ant-input').type(user.username).should('have.value', user.username); // 输入密码\ncy.get('#password.ant-input').type(user.password).should('have.value', user.password);\nif (user.username == 'test1') {\n  cy.get('body').should('contain', 'one number');\n}\ncy.get('#phone.ant-input').type(user.phone).should('have.value', user.phone);\ncy.get('#first_name.ant-input').type(user.firstName).should('have.value', user.firstName);\ncy.get('#last_name.ant-input').type(user.lastName).should('have.value', user.lastName);\ncy.get(\".ant-picker-input\").click().type('1996-06-05').click();\ncy.get(\"[title='1996-06-05']>.ant-picker-cell-inner\").click(); //.should('have.value', user.birthday)\ncy.get(':nth-child(5) > :nth-child(2) > .ant-row > .ant-col > .ant-form-item-control-input > ' + '.ant-form-item-control-input-content > .ant-select > .ant-select-selector').click().type(user.gender).click();\ncy.get(\"[title=\\\"Female\\\"] > .ant-select-item-option-content\").click({\n  force: true\n}).should('contain', user.gender);\ncy.get('#address_line').type(user.addressLine).should('have.value', user.addressLine);\ncy.get(':nth-child(1) > .ant-row > .ant-col > .ant-form-item-control-input > .ant-form-item-control-input-content > ' + '.ant-select > .ant-select-selector').click().type(user.state).click();\ncy.get(\"[title=\\\"VIC\\\"] > .ant-select-item-option-content\").click({\n  force: true\n}).should('contain', user.state);\ncy.get(':nth-child(7) > :nth-child(2) > .ant-row > .ant-col > .ant-form-item-control-input > .ant-form-item-control-input-content > ' + '.ant-select > .ant-select-selector').click().type(user.city).click();\ncy.get(\"[title=\\\"Melbourne\\\"] > .ant-select-item-option-content\").click({\n  force: true\n}).should('contain', user.city);\ncy.get('#postcode').type(user.postcode).should('have.value', user.postcode);\ncy.get('#confirm_password').type(user.confirmPSW).should('have.value', user.confirmPSW);\nif (user.username == 'test2') {\n  cy.get('body').should('contain', 'not match');\n}\ncy.get('#email').type(user.email).should('have.value', user.email);\nif (user.username == 'test3') {\n  cy.get('body').should('contain', 'valid');\n}\ncy.get('#agreement').check(); // 提交表单\ncy.get('.ant-form').submit(); // 判断页面跳转到 http://127.0.0.1:3000/\ncy.url().should('include', '/'); // and '欢迎您：ruby' in page\ncy.log(user.username);\nif (user.username == 'user1') {\n  cy.get('body').should('contain', 'Username');\n} else if (user.username == 'test0' || user.username == 'test9') {\n  cy.get('body').should('contain', 'Packages');\n} else if (user.username == 'test4') {\n  cy.get('body').should('contain', 'Email');\n} //输出为空，网站不存在cookie\n\ncy.getCookies().each(cookie => {\n  cy.log(cookie.name, cookie.value);\n}); // 直接截图整个页面\ncy.screenshot();",
              "err": {},
              "uuid": "5f87d4d3-952e-483d-a06f-71d4506caa03",
              "parentUUID": "bb121a8f-f72a-449c-8cd2-738833bbfce6",
              "isHook": false,
              "skipped": false
            },
            {
              "title": "Register failed for the wrong format password",
              "fullTitle": "Register customer Page Register failed for the wrong format password",
              "timedOut": null,
              "duration": 7452,
              "state": "passed",
              "speed": "slow",
              "pass": true,
              "fail": false,
              "pending": false,
              "context": null,
              "code": "// 输入用户名\ncy.get('#username.ant-input').type(user.username).should('have.value', user.username); // 输入密码\ncy.get('#password.ant-input').type(user.password).should('have.value', user.password);\nif (user.username == 'test1') {\n  cy.get('body').should('contain', 'one number');\n}\ncy.get('#phone.ant-input').type(user.phone).should('have.value', user.phone);\ncy.get('#first_name.ant-input').type(user.firstName).should('have.value', user.firstName);\ncy.get('#last_name.ant-input').type(user.lastName).should('have.value', user.lastName);\ncy.get(\".ant-picker-input\").click().type('1996-06-05').click();\ncy.get(\"[title='1996-06-05']>.ant-picker-cell-inner\").click(); //.should('have.value', user.birthday)\ncy.get(':nth-child(5) > :nth-child(2) > .ant-row > .ant-col > .ant-form-item-control-input > ' + '.ant-form-item-control-input-content > .ant-select > .ant-select-selector').click().type(user.gender).click();\ncy.get(\"[title=\\\"Female\\\"] > .ant-select-item-option-content\").click({\n  force: true\n}).should('contain', user.gender);\ncy.get('#address_line').type(user.addressLine).should('have.value', user.addressLine);\ncy.get(':nth-child(1) > .ant-row > .ant-col > .ant-form-item-control-input > .ant-form-item-control-input-content > ' + '.ant-select > .ant-select-selector').click().type(user.state).click();\ncy.get(\"[title=\\\"VIC\\\"] > .ant-select-item-option-content\").click({\n  force: true\n}).should('contain', user.state);\ncy.get(':nth-child(7) > :nth-child(2) > .ant-row > .ant-col > .ant-form-item-control-input > .ant-form-item-control-input-content > ' + '.ant-select > .ant-select-selector').click().type(user.city).click();\ncy.get(\"[title=\\\"Melbourne\\\"] > .ant-select-item-option-content\").click({\n  force: true\n}).should('contain', user.city);\ncy.get('#postcode').type(user.postcode).should('have.value', user.postcode);\ncy.get('#confirm_password').type(user.confirmPSW).should('have.value', user.confirmPSW);\nif (user.username == 'test2') {\n  cy.get('body').should('contain', 'not match');\n}\ncy.get('#email').type(user.email).should('have.value', user.email);\nif (user.username == 'test3') {\n  cy.get('body').should('contain', 'valid');\n}\ncy.get('#agreement').check(); // 提交表单\ncy.get('.ant-form').submit(); // 判断页面跳转到 http://127.0.0.1:3000/\ncy.url().should('include', '/'); // and '欢迎您：ruby' in page\ncy.log(user.username);\nif (user.username == 'user1') {\n  cy.get('body').should('contain', 'Username');\n} else if (user.username == 'test0' || user.username == 'test9') {\n  cy.get('body').should('contain', 'Packages');\n} else if (user.username == 'test4') {\n  cy.get('body').should('contain', 'Email');\n} //输出为空，网站不存在cookie\n\ncy.getCookies().each(cookie => {\n  cy.log(cookie.name, cookie.value);\n}); // 直接截图整个页面\ncy.screenshot();",
              "err": {},
              "uuid": "cb2c52d5-81c6-4813-980e-91fb32934313",
              "parentUUID": "bb121a8f-f72a-449c-8cd2-738833bbfce6",
              "isHook": false,
              "skipped": false
            },
            {
              "title": "Register failed for different password",
              "fullTitle": "Register customer Page Register failed for different password",
              "timedOut": null,
              "duration": 7593,
              "state": "passed",
              "speed": "slow",
              "pass": true,
              "fail": false,
              "pending": false,
              "context": null,
              "code": "// 输入用户名\ncy.get('#username.ant-input').type(user.username).should('have.value', user.username); // 输入密码\ncy.get('#password.ant-input').type(user.password).should('have.value', user.password);\nif (user.username == 'test1') {\n  cy.get('body').should('contain', 'one number');\n}\ncy.get('#phone.ant-input').type(user.phone).should('have.value', user.phone);\ncy.get('#first_name.ant-input').type(user.firstName).should('have.value', user.firstName);\ncy.get('#last_name.ant-input').type(user.lastName).should('have.value', user.lastName);\ncy.get(\".ant-picker-input\").click().type('1996-06-05').click();\ncy.get(\"[title='1996-06-05']>.ant-picker-cell-inner\").click(); //.should('have.value', user.birthday)\ncy.get(':nth-child(5) > :nth-child(2) > .ant-row > .ant-col > .ant-form-item-control-input > ' + '.ant-form-item-control-input-content > .ant-select > .ant-select-selector').click().type(user.gender).click();\ncy.get(\"[title=\\\"Female\\\"] > .ant-select-item-option-content\").click({\n  force: true\n}).should('contain', user.gender);\ncy.get('#address_line').type(user.addressLine).should('have.value', user.addressLine);\ncy.get(':nth-child(1) > .ant-row > .ant-col > .ant-form-item-control-input > .ant-form-item-control-input-content > ' + '.ant-select > .ant-select-selector').click().type(user.state).click();\ncy.get(\"[title=\\\"VIC\\\"] > .ant-select-item-option-content\").click({\n  force: true\n}).should('contain', user.state);\ncy.get(':nth-child(7) > :nth-child(2) > .ant-row > .ant-col > .ant-form-item-control-input > .ant-form-item-control-input-content > ' + '.ant-select > .ant-select-selector').click().type(user.city).click();\ncy.get(\"[title=\\\"Melbourne\\\"] > .ant-select-item-option-content\").click({\n  force: true\n}).should('contain', user.city);\ncy.get('#postcode').type(user.postcode).should('have.value', user.postcode);\ncy.get('#confirm_password').type(user.confirmPSW).should('have.value', user.confirmPSW);\nif (user.username == 'test2') {\n  cy.get('body').should('contain', 'not match');\n}\ncy.get('#email').type(user.email).should('have.value', user.email);\nif (user.username == 'test3') {\n  cy.get('body').should('contain', 'valid');\n}\ncy.get('#agreement').check(); // 提交表单\ncy.get('.ant-form').submit(); // 判断页面跳转到 http://127.0.0.1:3000/\ncy.url().should('include', '/'); // and '欢迎您：ruby' in page\ncy.log(user.username);\nif (user.username == 'user1') {\n  cy.get('body').should('contain', 'Username');\n} else if (user.username == 'test0' || user.username == 'test9') {\n  cy.get('body').should('contain', 'Packages');\n} else if (user.username == 'test4') {\n  cy.get('body').should('contain', 'Email');\n} //输出为空，网站不存在cookie\n\ncy.getCookies().each(cookie => {\n  cy.log(cookie.name, cookie.value);\n}); // 直接截图整个页面\ncy.screenshot();",
              "err": {},
              "uuid": "edf582ba-e5a6-435a-b8b7-f27d76e2732c",
              "parentUUID": "bb121a8f-f72a-449c-8cd2-738833bbfce6",
              "isHook": false,
              "skipped": false
            },
            {
              "title": "Register failed for the wrong format email",
              "fullTitle": "Register customer Page Register failed for the wrong format email",
              "timedOut": null,
              "duration": 7453,
              "state": "passed",
              "speed": "slow",
              "pass": true,
              "fail": false,
              "pending": false,
              "context": null,
              "code": "// 输入用户名\ncy.get('#username.ant-input').type(user.username).should('have.value', user.username); // 输入密码\ncy.get('#password.ant-input').type(user.password).should('have.value', user.password);\nif (user.username == 'test1') {\n  cy.get('body').should('contain', 'one number');\n}\ncy.get('#phone.ant-input').type(user.phone).should('have.value', user.phone);\ncy.get('#first_name.ant-input').type(user.firstName).should('have.value', user.firstName);\ncy.get('#last_name.ant-input').type(user.lastName).should('have.value', user.lastName);\ncy.get(\".ant-picker-input\").click().type('1996-06-05').click();\ncy.get(\"[title='1996-06-05']>.ant-picker-cell-inner\").click(); //.should('have.value', user.birthday)\ncy.get(':nth-child(5) > :nth-child(2) > .ant-row > .ant-col > .ant-form-item-control-input > ' + '.ant-form-item-control-input-content > .ant-select > .ant-select-selector').click().type(user.gender).click();\ncy.get(\"[title=\\\"Female\\\"] > .ant-select-item-option-content\").click({\n  force: true\n}).should('contain', user.gender);\ncy.get('#address_line').type(user.addressLine).should('have.value', user.addressLine);\ncy.get(':nth-child(1) > .ant-row > .ant-col > .ant-form-item-control-input > .ant-form-item-control-input-content > ' + '.ant-select > .ant-select-selector').click().type(user.state).click();\ncy.get(\"[title=\\\"VIC\\\"] > .ant-select-item-option-content\").click({\n  force: true\n}).should('contain', user.state);\ncy.get(':nth-child(7) > :nth-child(2) > .ant-row > .ant-col > .ant-form-item-control-input > .ant-form-item-control-input-content > ' + '.ant-select > .ant-select-selector').click().type(user.city).click();\ncy.get(\"[title=\\\"Melbourne\\\"] > .ant-select-item-option-content\").click({\n  force: true\n}).should('contain', user.city);\ncy.get('#postcode').type(user.postcode).should('have.value', user.postcode);\ncy.get('#confirm_password').type(user.confirmPSW).should('have.value', user.confirmPSW);\nif (user.username == 'test2') {\n  cy.get('body').should('contain', 'not match');\n}\ncy.get('#email').type(user.email).should('have.value', user.email);\nif (user.username == 'test3') {\n  cy.get('body').should('contain', 'valid');\n}\ncy.get('#agreement').check(); // 提交表单\ncy.get('.ant-form').submit(); // 判断页面跳转到 http://127.0.0.1:3000/\ncy.url().should('include', '/'); // and '欢迎您：ruby' in page\ncy.log(user.username);\nif (user.username == 'user1') {\n  cy.get('body').should('contain', 'Username');\n} else if (user.username == 'test0' || user.username == 'test9') {\n  cy.get('body').should('contain', 'Packages');\n} else if (user.username == 'test4') {\n  cy.get('body').should('contain', 'Email');\n} //输出为空，网站不存在cookie\n\ncy.getCookies().each(cookie => {\n  cy.log(cookie.name, cookie.value);\n}); // 直接截图整个页面\ncy.screenshot();",
              "err": {},
              "uuid": "352c8ff5-bea0-4dc5-8603-a2537bd637a7",
              "parentUUID": "bb121a8f-f72a-449c-8cd2-738833bbfce6",
              "isHook": false,
              "skipped": false
            },
            {
              "title": "Register failed for the existed email",
              "fullTitle": "Register customer Page Register failed for the existed email",
              "timedOut": null,
              "duration": 7384,
              "state": "passed",
              "speed": "slow",
              "pass": true,
              "fail": false,
              "pending": false,
              "context": null,
              "code": "// 输入用户名\ncy.get('#username.ant-input').type(user.username).should('have.value', user.username); // 输入密码\ncy.get('#password.ant-input').type(user.password).should('have.value', user.password);\nif (user.username == 'test1') {\n  cy.get('body').should('contain', 'one number');\n}\ncy.get('#phone.ant-input').type(user.phone).should('have.value', user.phone);\ncy.get('#first_name.ant-input').type(user.firstName).should('have.value', user.firstName);\ncy.get('#last_name.ant-input').type(user.lastName).should('have.value', user.lastName);\ncy.get(\".ant-picker-input\").click().type('1996-06-05').click();\ncy.get(\"[title='1996-06-05']>.ant-picker-cell-inner\").click(); //.should('have.value', user.birthday)\ncy.get(':nth-child(5) > :nth-child(2) > .ant-row > .ant-col > .ant-form-item-control-input > ' + '.ant-form-item-control-input-content > .ant-select > .ant-select-selector').click().type(user.gender).click();\ncy.get(\"[title=\\\"Female\\\"] > .ant-select-item-option-content\").click({\n  force: true\n}).should('contain', user.gender);\ncy.get('#address_line').type(user.addressLine).should('have.value', user.addressLine);\ncy.get(':nth-child(1) > .ant-row > .ant-col > .ant-form-item-control-input > .ant-form-item-control-input-content > ' + '.ant-select > .ant-select-selector').click().type(user.state).click();\ncy.get(\"[title=\\\"VIC\\\"] > .ant-select-item-option-content\").click({\n  force: true\n}).should('contain', user.state);\ncy.get(':nth-child(7) > :nth-child(2) > .ant-row > .ant-col > .ant-form-item-control-input > .ant-form-item-control-input-content > ' + '.ant-select > .ant-select-selector').click().type(user.city).click();\ncy.get(\"[title=\\\"Melbourne\\\"] > .ant-select-item-option-content\").click({\n  force: true\n}).should('contain', user.city);\ncy.get('#postcode').type(user.postcode).should('have.value', user.postcode);\ncy.get('#confirm_password').type(user.confirmPSW).should('have.value', user.confirmPSW);\nif (user.username == 'test2') {\n  cy.get('body').should('contain', 'not match');\n}\ncy.get('#email').type(user.email).should('have.value', user.email);\nif (user.username == 'test3') {\n  cy.get('body').should('contain', 'valid');\n}\ncy.get('#agreement').check(); // 提交表单\ncy.get('.ant-form').submit(); // 判断页面跳转到 http://127.0.0.1:3000/\ncy.url().should('include', '/'); // and '欢迎您：ruby' in page\ncy.log(user.username);\nif (user.username == 'user1') {\n  cy.get('body').should('contain', 'Username');\n} else if (user.username == 'test0' || user.username == 'test9') {\n  cy.get('body').should('contain', 'Packages');\n} else if (user.username == 'test4') {\n  cy.get('body').should('contain', 'Email');\n} //输出为空，网站不存在cookie\n\ncy.getCookies().each(cookie => {\n  cy.log(cookie.name, cookie.value);\n}); // 直接截图整个页面\ncy.screenshot();",
              "err": {},
              "uuid": "d814753e-a31a-4f7e-9605-b16f83cceb61",
              "parentUUID": "bb121a8f-f72a-449c-8cd2-738833bbfce6",
              "isHook": false,
              "skipped": false
            },
            {
              "title": "Register failed for the existed username",
              "fullTitle": "Register customer Page Register failed for the existed username",
              "timedOut": null,
              "duration": 8072,
              "state": "passed",
              "speed": "slow",
              "pass": true,
              "fail": false,
              "pending": false,
              "context": null,
              "code": "// 输入用户名\ncy.get('#username.ant-input').type(user.username).should('have.value', user.username); // 输入密码\ncy.get('#password.ant-input').type(user.password).should('have.value', user.password);\nif (user.username == 'test1') {\n  cy.get('body').should('contain', 'one number');\n}\ncy.get('#phone.ant-input').type(user.phone).should('have.value', user.phone);\ncy.get('#first_name.ant-input').type(user.firstName).should('have.value', user.firstName);\ncy.get('#last_name.ant-input').type(user.lastName).should('have.value', user.lastName);\ncy.get(\".ant-picker-input\").click().type('1996-06-05').click();\ncy.get(\"[title='1996-06-05']>.ant-picker-cell-inner\").click(); //.should('have.value', user.birthday)\ncy.get(':nth-child(5) > :nth-child(2) > .ant-row > .ant-col > .ant-form-item-control-input > ' + '.ant-form-item-control-input-content > .ant-select > .ant-select-selector').click().type(user.gender).click();\ncy.get(\"[title=\\\"Female\\\"] > .ant-select-item-option-content\").click({\n  force: true\n}).should('contain', user.gender);\ncy.get('#address_line').type(user.addressLine).should('have.value', user.addressLine);\ncy.get(':nth-child(1) > .ant-row > .ant-col > .ant-form-item-control-input > .ant-form-item-control-input-content > ' + '.ant-select > .ant-select-selector').click().type(user.state).click();\ncy.get(\"[title=\\\"VIC\\\"] > .ant-select-item-option-content\").click({\n  force: true\n}).should('contain', user.state);\ncy.get(':nth-child(7) > :nth-child(2) > .ant-row > .ant-col > .ant-form-item-control-input > .ant-form-item-control-input-content > ' + '.ant-select > .ant-select-selector').click().type(user.city).click();\ncy.get(\"[title=\\\"Melbourne\\\"] > .ant-select-item-option-content\").click({\n  force: true\n}).should('contain', user.city);\ncy.get('#postcode').type(user.postcode).should('have.value', user.postcode);\ncy.get('#confirm_password').type(user.confirmPSW).should('have.value', user.confirmPSW);\nif (user.username == 'test2') {\n  cy.get('body').should('contain', 'not match');\n}\ncy.get('#email').type(user.email).should('have.value', user.email);\nif (user.username == 'test3') {\n  cy.get('body').should('contain', 'valid');\n}\ncy.get('#agreement').check(); // 提交表单\ncy.get('.ant-form').submit(); // 判断页面跳转到 http://127.0.0.1:3000/\ncy.url().should('include', '/'); // and '欢迎您：ruby' in page\ncy.log(user.username);\nif (user.username == 'user1') {\n  cy.get('body').should('contain', 'Username');\n} else if (user.username == 'test0' || user.username == 'test9') {\n  cy.get('body').should('contain', 'Packages');\n} else if (user.username == 'test4') {\n  cy.get('body').should('contain', 'Email');\n} //输出为空，网站不存在cookie\n\ncy.getCookies().each(cookie => {\n  cy.log(cookie.name, cookie.value);\n}); // 直接截图整个页面\ncy.screenshot();",
              "err": {},
              "uuid": "dad704ee-f299-41fb-a74b-e93bee4342b3",
              "parentUUID": "bb121a8f-f72a-449c-8cd2-738833bbfce6",
              "isHook": false,
              "skipped": false
            }
          ],
          "suites": [],
          "passes": [
            "e8620898-a2ff-4374-b8b7-9a3008cd359d",
            "5f87d4d3-952e-483d-a06f-71d4506caa03",
            "cb2c52d5-81c6-4813-980e-91fb32934313",
            "edf582ba-e5a6-435a-b8b7-f27d76e2732c",
            "352c8ff5-bea0-4dc5-8603-a2537bd637a7",
            "d814753e-a31a-4f7e-9605-b16f83cceb61",
            "dad704ee-f299-41fb-a74b-e93bee4342b3"
          ],
          "failures": [],
          "pending": [],
          "skipped": [],
          "duration": 53951,
          "root": false,
          "rootEmpty": false,
          "_timeout": 2000
        }
      ],
      "passes": [],
      "failures": [],
      "pending": [],
      "skipped": [],
      "duration": 0,
      "root": true,
      "rootEmpty": true,
      "_timeout": 2000
    }
  ],
  "meta": {
    "mocha": {
      "version": "7.0.1"
    },
    "mochawesome": {
      "options": {
        "quiet": false,
        "reportFilename": "mochawesome",
        "saveHtml": false,
        "saveJson": true,
        "consoleReporter": "spec",
        "useInlineDiffs": false,
        "code": true
      },
      "version": "6.2.2"
    },
    "marge": {
      "options": {
        "reportDir": "cypress/results",
        "overwrite": false,
        "html": false,
        "json": true
      },
      "version": "5.2.0"
    }
  }
}