{
  "stats": {
    "suites": 3,
    "tests": 9,
    "passes": 7,
    "pending": 0,
    "failures": 2,
    "start": "2021-05-17T23:37:06.662Z",
    "end": "2021-05-17T23:37:51.145Z",
    "duration": 44483,
    "testsRegistered": 9,
    "passPercent": 77.77777777777779,
    "pendingPercent": 0,
    "other": 0,
    "hasOther": false,
    "skipped": 0,
    "hasSkipped": false
  },
  "results": [
    {
      "uuid": "ecbba163-2383-433a-a81c-5051645b4b69",
      "title": "",
      "fullFile": "cypress/integration/blogin_test.js",
      "file": "cypress/integration/blogin_test.js",
      "beforeHooks": [],
      "afterHooks": [],
      "tests": [],
      "suites": [
        {
          "uuid": "01de13ab-04e3-4594-af2e-12fdc87c4aab",
          "title": "Visit Home Page, test the Login Modal",
          "fullFile": "",
          "file": "",
          "beforeHooks": [],
          "afterHooks": [],
          "tests": [
            {
              "title": "Login as customer successfully",
              "fullTitle": "Visit Home Page, test the Login Modal Login as customer successfully",
              "timedOut": null,
              "duration": 14924,
              "state": "passed",
              "speed": "slow",
              "pass": true,
              "fail": false,
              "pending": false,
              "context": null,
              "code": "cy.visit('/');\ncy.contains('Login').click(); //fill in username\ncy.get('#basic_username').type(user.username).should(\"have.value\", user.username); //fill in psw\ncy.get('#basic_password').type(user.password).should(\"have.value\", user.password); //submit form and assertion\ncy.get('form#basic').submit();\nif (user.username === 'test0') {\n  cy.get('body').should('contain', 'Customer Level Pricing');\n} else if (user.username === 'test5') {\n  cy.get('body').should('contain', 'Orders Processed');\n} else {\n  cy.get('body').should('not.contain', 'Calendar');\n} // 直接截图整个页面\n\ncy.screenshot();",
              "err": {},
              "uuid": "d9fa6191-35f1-46f1-8f82-2624ca8df2b7",
              "parentUUID": "01de13ab-04e3-4594-af2e-12fdc87c4aab",
              "isHook": false,
              "skipped": false
            },
            {
              "title": "Login failed for the wrong password",
              "fullTitle": "Visit Home Page, test the Login Modal Login failed for the wrong password",
              "timedOut": null,
              "duration": 3377,
              "state": "passed",
              "speed": "slow",
              "pass": true,
              "fail": false,
              "pending": false,
              "context": null,
              "code": "cy.visit('/');\ncy.contains('Login').click(); //fill in username\ncy.get('#basic_username').type(user.username).should(\"have.value\", user.username); //fill in psw\ncy.get('#basic_password').type(user.password).should(\"have.value\", user.password); //submit form and assertion\ncy.get('form#basic').submit();\nif (user.username === 'test0') {\n  cy.get('body').should('contain', 'Customer Level Pricing');\n} else if (user.username === 'test5') {\n  cy.get('body').should('contain', 'Orders Processed');\n} else {\n  cy.get('body').should('not.contain', 'Calendar');\n} // 直接截图整个页面\n\ncy.screenshot();",
              "err": {},
              "uuid": "1a8f9c41-bbdc-4b36-962d-b493353934c5",
              "parentUUID": "01de13ab-04e3-4594-af2e-12fdc87c4aab",
              "isHook": false,
              "skipped": false
            },
            {
              "title": "Login as staff successfully",
              "fullTitle": "Visit Home Page, test the Login Modal Login as staff successfully",
              "timedOut": null,
              "duration": 4860,
              "state": "passed",
              "speed": "slow",
              "pass": true,
              "fail": false,
              "pending": false,
              "context": null,
              "code": "cy.visit('/');\ncy.contains('Login').click(); //fill in username\ncy.get('#basic_username').type(user.username).should(\"have.value\", user.username); //fill in psw\ncy.get('#basic_password').type(user.password).should(\"have.value\", user.password); //submit form and assertion\ncy.get('form#basic').submit();\nif (user.username === 'test0') {\n  cy.get('body').should('contain', 'Customer Level Pricing');\n} else if (user.username === 'test5') {\n  cy.get('body').should('contain', 'Orders Processed');\n} else {\n  cy.get('body').should('not.contain', 'Calendar');\n} // 直接截图整个页面\n\ncy.screenshot();",
              "err": {},
              "uuid": "a880730e-27f8-4ac0-851e-aa3b5690797e",
              "parentUUID": "01de13ab-04e3-4594-af2e-12fdc87c4aab",
              "isHook": false,
              "skipped": false
            },
            {
              "title": "Login failed for the unexisted username",
              "fullTitle": "Visit Home Page, test the Login Modal Login failed for the unexisted username",
              "timedOut": null,
              "duration": 4219,
              "state": "passed",
              "speed": "slow",
              "pass": true,
              "fail": false,
              "pending": false,
              "context": null,
              "code": "cy.visit('/');\ncy.contains('Login').click(); //fill in username\ncy.get('#basic_username').type(user.username).should(\"have.value\", user.username); //fill in psw\ncy.get('#basic_password').type(user.password).should(\"have.value\", user.password); //submit form and assertion\ncy.get('form#basic').submit();\nif (user.username === 'test0') {\n  cy.get('body').should('contain', 'Customer Level Pricing');\n} else if (user.username === 'test5') {\n  cy.get('body').should('contain', 'Orders Processed');\n} else {\n  cy.get('body').should('not.contain', 'Calendar');\n} // 直接截图整个页面\n\ncy.screenshot();",
              "err": {},
              "uuid": "467f2723-eea1-4d17-a83d-73d47892ae7f",
              "parentUUID": "01de13ab-04e3-4594-af2e-12fdc87c4aab",
              "isHook": false,
              "skipped": false
            }
          ],
          "suites": [],
          "passes": [
            "d9fa6191-35f1-46f1-8f82-2624ca8df2b7",
            "1a8f9c41-bbdc-4b36-962d-b493353934c5",
            "a880730e-27f8-4ac0-851e-aa3b5690797e",
            "467f2723-eea1-4d17-a83d-73d47892ae7f"
          ],
          "failures": [],
          "pending": [],
          "skipped": [],
          "duration": 27380,
          "root": false,
          "rootEmpty": false,
          "_timeout": 2000
        },
        {
          "uuid": "dc3a7b6f-30cb-4762-9cb8-ccb8c4e1e775",
          "title": "The Login page",
          "fullFile": "",
          "file": "",
          "beforeHooks": [],
          "afterHooks": [],
          "tests": [
            {
              "title": "Login as customer successfully",
              "fullTitle": "The Login page Login as customer successfully",
              "timedOut": null,
              "duration": 3482,
              "state": "passed",
              "speed": "slow",
              "pass": true,
              "fail": false,
              "pending": false,
              "context": null,
              "code": "//fill in username\ncy.get('#normal_login_username').type(user.username).should('have.value', user.username); //fill in psw\ncy.get('#normal_login_password').type(user.password).should('have.value', user.password); //submit form and assertion\ncy.get('#normal_login').submit(); //should see related button\ncy.log(user.username);\nif (user.username === 'test0') {\n  //should redirect to homepage\n  cy.url().should('eq', Cypress.config().baseUrl);\n  cy.get('body').should('contain', 'Customer Level Pricing');\n} else if (user.username === 'test5') {\n  //should redirect to homepage\n  cy.url().should('eq', Cypress.config().baseUrl);\n  cy.get('body').should('contain', 'Orders Processed');\n} else {\n  cy.get('body').should('not.contain', 'Calendar');\n} // 直接截图整个页面\n\ncy.screenshot(); //输出为空，网站不存在cookie\n// cy.getCookies().each((cookie) => {\n//     cy.log(cookie.name,cookie.value);\n// })",
              "err": {},
              "uuid": "49157815-e8f4-4dbf-88b8-9ac35f65f2ab",
              "parentUUID": "dc3a7b6f-30cb-4762-9cb8-ccb8c4e1e775",
              "isHook": false,
              "skipped": false
            },
            {
              "title": "Login failed for the wrong password",
              "fullTitle": "The Login page Login failed for the wrong password",
              "timedOut": null,
              "duration": 5337,
              "state": "failed",
              "speed": null,
              "pass": false,
              "fail": true,
              "pending": false,
              "context": null,
              "code": "//fill in username\ncy.get('#normal_login_username').type(user.username).should('have.value', user.username); //fill in psw\ncy.get('#normal_login_password').type(user.password).should('have.value', user.password); //submit form and assertion\ncy.get('#normal_login').submit(); //should see related button\ncy.log(user.username);\nif (user.username === 'test0') {\n  //should redirect to homepage\n  cy.url().should('eq', Cypress.config().baseUrl);\n  cy.get('body').should('contain', 'Customer Level Pricing');\n} else if (user.username === 'test5') {\n  //should redirect to homepage\n  cy.url().should('eq', Cypress.config().baseUrl);\n  cy.get('body').should('contain', 'Orders Processed');\n} else {\n  cy.get('body').should('not.contain', 'Calendar');\n} // 直接截图整个页面\n\ncy.screenshot(); //输出为空，网站不存在cookie\n// cy.getCookies().each((cookie) => {\n//     cy.log(cookie.name,cookie.value);\n// })",
              "err": {
                "message": "AssertionError: Timed out retrying after 4000ms: expected 'http://localhost:3000/login' to equal 'http://localhost:3000/'",
                "estack": "AssertionError: Timed out retrying after 4000ms: expected 'http://localhost:3000/login' to equal 'http://localhost:3000/'\n    at Context.eval (http://localhost:3000/__cypress/tests?p=cypress\\integration\\blogin_test.js:144:18)",
                "diff": "- 'http://localhost:3000/login'\n+ 'http://localhost:3000/'\n"
              },
              "uuid": "130c7ab3-2f37-4d4a-bf8b-05f0aff352c5",
              "parentUUID": "dc3a7b6f-30cb-4762-9cb8-ccb8c4e1e775",
              "isHook": false,
              "skipped": false
            },
            {
              "title": "Login as staff successfully",
              "fullTitle": "The Login page Login as staff successfully",
              "timedOut": null,
              "duration": 5093,
              "state": "passed",
              "speed": "slow",
              "pass": true,
              "fail": false,
              "pending": false,
              "context": null,
              "code": "//fill in username\ncy.get('#normal_login_username').type(user.username).should('have.value', user.username); //fill in psw\ncy.get('#normal_login_password').type(user.password).should('have.value', user.password); //submit form and assertion\ncy.get('#normal_login').submit(); //should see related button\ncy.log(user.username);\nif (user.username === 'test0') {\n  //should redirect to homepage\n  cy.url().should('eq', Cypress.config().baseUrl);\n  cy.get('body').should('contain', 'Customer Level Pricing');\n} else if (user.username === 'test5') {\n  //should redirect to homepage\n  cy.url().should('eq', Cypress.config().baseUrl);\n  cy.get('body').should('contain', 'Orders Processed');\n} else {\n  cy.get('body').should('not.contain', 'Calendar');\n} // 直接截图整个页面\n\ncy.screenshot(); //输出为空，网站不存在cookie\n// cy.getCookies().each((cookie) => {\n//     cy.log(cookie.name,cookie.value);\n// })",
              "err": {},
              "uuid": "5bc2ce64-1c08-449b-83c4-135e770028dd",
              "parentUUID": "dc3a7b6f-30cb-4762-9cb8-ccb8c4e1e775",
              "isHook": false,
              "skipped": false
            },
            {
              "title": "Login failed for the unexisted username",
              "fullTitle": "The Login page Login failed for the unexisted username",
              "timedOut": null,
              "duration": 2217,
              "state": "passed",
              "speed": "slow",
              "pass": true,
              "fail": false,
              "pending": false,
              "context": null,
              "code": "//fill in username\ncy.get('#normal_login_username').type(user.username).should('have.value', user.username); //fill in psw\ncy.get('#normal_login_password').type(user.password).should('have.value', user.password); //submit form and assertion\ncy.get('#normal_login').submit(); //should see related button\ncy.log(user.username);\nif (user.username === 'test0') {\n  //should redirect to homepage\n  cy.url().should('eq', Cypress.config().baseUrl);\n  cy.get('body').should('contain', 'Customer Level Pricing');\n} else if (user.username === 'test5') {\n  //should redirect to homepage\n  cy.url().should('eq', Cypress.config().baseUrl);\n  cy.get('body').should('contain', 'Orders Processed');\n} else {\n  cy.get('body').should('not.contain', 'Calendar');\n} // 直接截图整个页面\n\ncy.screenshot(); //输出为空，网站不存在cookie\n// cy.getCookies().each((cookie) => {\n//     cy.log(cookie.name,cookie.value);\n// })",
              "err": {},
              "uuid": "6cdee3a7-ca31-4a06-8276-571d5ebda784",
              "parentUUID": "dc3a7b6f-30cb-4762-9cb8-ccb8c4e1e775",
              "isHook": false,
              "skipped": false
            }
          ],
          "suites": [],
          "passes": [
            "49157815-e8f4-4dbf-88b8-9ac35f65f2ab",
            "5bc2ce64-1c08-449b-83c4-135e770028dd",
            "6cdee3a7-ca31-4a06-8276-571d5ebda784"
          ],
          "failures": [
            "130c7ab3-2f37-4d4a-bf8b-05f0aff352c5"
          ],
          "pending": [],
          "skipped": [],
          "duration": 16129,
          "root": false,
          "rootEmpty": false,
          "_timeout": 2000
        },
        {
          "uuid": "50136af0-b419-45d2-a6d2-f972f02569cb",
          "title": "API test-Post",
          "fullFile": "",
          "file": "",
          "beforeHooks": [],
          "afterHooks": [],
          "tests": [
            {
              "title": "Post",
              "fullTitle": "API test-Post Post",
              "timedOut": null,
              "duration": 753,
              "state": "failed",
              "speed": null,
              "pass": false,
              "fail": true,
              "pending": false,
              "context": null,
              "code": "cy.request({\n  method: 'POST',\n  url: 'http://127.0.0.1:8000/auth/login',\n  failOnStatusCode: false,\n  form: true,\n  body: {\n    'username': 'test0',\n    'password': '123456sS'\n  }\n}).then(response => {\n  expect(response.status).to.be.equal(200);\n}); // 直接截图整个页面\ncy.screenshot();",
              "err": {
                "message": "AssertionError: expected 404 to equal 200",
                "estack": "AssertionError: expected 404 to equal 200\n    at Context.eval (http://localhost:3000/__cypress/tests?p=cypress\\integration\\blogin_test.js:263:37)",
                "diff": "- 404\n+ 200\n"
              },
              "uuid": "bd411c9e-8615-4aaa-a666-cf5bbc141029",
              "parentUUID": "50136af0-b419-45d2-a6d2-f972f02569cb",
              "isHook": false,
              "skipped": false
            }
          ],
          "suites": [],
          "passes": [],
          "failures": [
            "bd411c9e-8615-4aaa-a666-cf5bbc141029"
          ],
          "pending": [],
          "skipped": [],
          "duration": 753,
          "root": false,
          "rootEmpty": false,
          "_timeout": 2000
        }
      ],
      "passes": [],
      "failures": [],
      "pending": [],
      "skipped": [],
      "duration": 0,
      "root": true,
      "rootEmpty": true,
      "_timeout": 2000
    }
  ],
  "meta": {
    "mocha": {
      "version": "7.0.1"
    },
    "mochawesome": {
      "options": {
        "quiet": false,
        "reportFilename": "mochawesome",
        "saveHtml": false,
        "saveJson": true,
        "consoleReporter": "spec",
        "useInlineDiffs": false,
        "code": true
      },
      "version": "6.2.2"
    },
    "marge": {
      "options": {
        "reportDir": "cypress/results",
        "overwrite": false,
        "html": false,
        "json": true
      },
      "version": "5.2.0"
    }
  }
}